<?xml version="1.0" encoding="UTF-8"?>
<!-- Generated by org.testng.reporters.JUnitReportReporter -->
<testsuite skipped="0" hostname="DESKTOP-UTQBCI7" name="APITest.Demo" tests="3" failures="0" timestamp="2021-11-30T15:59:41 IST" time="14.334" errors="0">
  <testcase name="createboard" time="8.563" classname="APITest.Demo"/>
  <system-out/>
  <testcase name="getboard" time="2.198" classname="APITest.Demo"/>
  <system-out/>
  <testcase name="testcase3" time="3.573" classname="APITest.Demo"/>
  <system-out/>
</testsuite> <!-- APITest.Demo -->
