<?xml version="1.0" encoding="UTF-8"?>
<!-- Generated by org.testng.reporters.JUnitReportReporter -->
<testsuite hostname="DESKTOP-UTQBCI7" failures="0" tests="2" name="APITest.Demo_TestNG" time="0.044" errors="0" timestamp="2021-11-25T12:51:50 IST" skipped="0">
  <testcase classname="APITest.Demo_TestNG" name="testcase1" time="0.032"/>
  <system-out/>
  <testcase classname="APITest.Demo_TestNG" name="testcase2" time="0.012"/>
  <system-out/>
</testsuite> <!-- APITest.Demo_TestNG -->
