<?xml version="1.0" encoding="UTF-8"?>
<!-- Generated by org.testng.reporters.JUnitReportReporter -->
<testsuite hostname="DESKTOP-UTQBCI7" failures="0" tests="1" name="APITest.Demo2_TestNG" time="0.009" errors="0" timestamp="2021-11-25T12:51:50 IST" skipped="0">
  <testcase classname="APITest.Demo2_TestNG" name="testcase3" time="0.009"/>
  <system-out/>
</testsuite> <!-- APITest.Demo2_TestNG -->
